c:\users\dlyou\documents\visual studio 2015\projects\[addon] [custommodpe]\[addon] [custommodpe]\[addon] [custommodpe].nativeactivity\arm\debug\chatcolor.o
c:\users\dlyou\documents\visual studio 2015\projects\[addon] [custommodpe]\[addon] [custommodpe]\[addon] [custommodpe].nativeactivity\arm\debug\customfunctions.o
c:\users\dlyou\documents\visual studio 2015\projects\[addon] [custommodpe]\[addon] [custommodpe]\[addon] [custommodpe].nativeactivity\arm\debug\hook.o
c:\users\dlyou\documents\visual studio 2015\projects\[addon] [custommodpe]\[addon] [custommodpe]\[addon] [custommodpe].nativeactivity\arm\debug\chatscreen.o
c:\users\dlyou\documents\visual studio 2015\projects\[addon] [custommodpe]\[addon] [custommodpe]\[addon] [custommodpe].nativeactivity\arm\debug\entity.o
c:\users\dlyou\documents\visual studio 2015\projects\[addon] [custommodpe]\[addon] [custommodpe]\[addon] [custommodpe].nativeactivity\arm\debug\player.o
c:\users\dlyou\documents\visual studio 2015\projects\[addon] [custommodpe]\[addon] [custommodpe]\[addon] [custommodpe].nativeactivity\arm\debug\inventory.o
c:\users\dlyou\documents\visual studio 2015\projects\[addon] [custommodpe]\[addon] [custommodpe]\[addon] [custommodpe].nativeactivity\arm\debug\iteminstance.o
c:\users\dlyou\documents\visual studio 2015\projects\[addon] [custommodpe]\[addon] [custommodpe]\[addon] [custommodpe].nativeactivity\arm\debug\removeblockpacket.o
c:\users\dlyou\documents\visual studio 2015\projects\[addon] [custommodpe]\[addon] [custommodpe]\[addon] [custommodpe].nativeactivity\arm\debug\vec2.o
c:\users\dlyou\documents\visual studio 2015\projects\[addon] [custommodpe]\[addon] [custommodpe]\[addon] [custommodpe].nativeactivity\arm\debug\vec3.o
c:\users\dlyou\documents\visual studio 2015\projects\[addon] [custommodpe]\[addon] [custommodpe]\[addon] [custommodpe].nativeactivity\arm\debug\viewvector.o
c:\users\dlyou\documents\visual studio 2015\projects\[addon] [custommodpe]\[addon] [custommodpe]\[addon] [custommodpe].nativeactivity\arm\debug\main.o
c:\users\dlyou\documents\visual studio 2015\projects\[addon] [custommodpe]\[addon] [custommodpe]\[addon] [custommodpe].nativeactivity\arm\debug\libcom.perkan.modpe.so
c:\users\dlyou\documents\visual studio 2015\projects\[addon] [custommodpe]\arm\debug\libcom.perkan.modpe.so.recipe
c:\users\dlyou\documents\visual studio 2015\projects\[addon] [custommodpe]\arm\debug\libcom.perkan.modpe.so
c:\users\dlyou\documents\visual studio 2015\projects\[addon] [custommodpe]\[addon] [custommodpe]\[addon] [custommodpe].nativeactivity\arm\debug\[addon] .25ea26db.tlog\arm-linux-androideabi-gcc.command.1.tlog
c:\users\dlyou\documents\visual studio 2015\projects\[addon] [custommodpe]\[addon] [custommodpe]\[addon] [custommodpe].nativeactivity\arm\debug\[addon] .25ea26db.tlog\microsoft.build.cpptasks.clangcompile.read.1.tlog
c:\users\dlyou\documents\visual studio 2015\projects\[addon] [custommodpe]\[addon] [custommodpe]\[addon] [custommodpe].nativeactivity\arm\debug\[addon] .25ea26db.tlog\microsoft.build.cpptasks.clangcompile.write.1.tlog
c:\users\dlyou\documents\visual studio 2015\projects\[addon] [custommodpe]\[addon] [custommodpe]\[addon] [custommodpe].nativeactivity\arm\debug\[addon] .25ea26db.tlog\microsoft.build.cpptasks.clanglink.read.1.tlog
c:\users\dlyou\documents\visual studio 2015\projects\[addon] [custommodpe]\[addon] [custommodpe]\[addon] [custommodpe].nativeactivity\arm\debug\[addon] .25ea26db.tlog\microsoft.build.cpptasks.clanglink.write.1.tlog
c:\users\dlyou\documents\visual studio 2015\projects\[addon] [custommodpe]\[addon] [custommodpe]\[addon] [custommodpe].nativeactivity\arm\debug\[addon] .25ea26db.tlog\[addon] [custommodpe].nativeactivity.write.1u.tlog
